2025/05/31 05:46:40 Бот авторизован как DSlanguageAI_bot
2025/05/31 05:46:40 Endpoint: getUpdates, params: map[allowed_updates:null timeout:60]
2025/05/31 05:46:42 Endpoint: getUpdates, response: {"ok":true,"result":[{"update_id":407164505,
"message":{"message_id":113,"from":{"id":934707634,"is_bot":false,"first_name":"Daren Krystin","username":"Triumf_ykt","language_code":"ru"},"chat":{"id":934707634,"first_name":"Daren Krystin","username":"Triumf_ykt","type":"private"},"date":1748670402,"text":"\u043d\u0430\u043f\u0438\u0448\u0438 \u0441\u0430\u043c\u043e\u0435 \u043a\u043e\u0440\u043e\u0442\u043a\u043e\u0435 \u0441\u0442\u0438\u0445\u043e\u0442\u0432\u043e\u0440\u0435\u043d\u0438\u0435 \u041f\u0443\u0448\u043a\u0438\u043d\u0430"}}]}
2025/05/31 05:46:42 Endpoint: getUpdates, params: map[allowed_updates:null offset:407164506 timeout:60]
2025/05/31 05:46:42 [Triumf_ykt] напиши самое короткое стихотворение Пушкина
2025/05/31 05:46:42 Endpoint: sendMessage, params: map[chat_id:934707634 entities:null text:⏳ Думаю...]
2025/05/31 05:46:42 Endpoint: sendMessage, response: {"ok":true,"result":{"message_id":114,"from":{"id":8132756886,"is_bot":true,"first_name":"Deepseak","username":"DSlanguageAI_bot"},"chat":{"id":934707634,"first_name":"Daren Krystin","username":"Triumf_ykt","type":"private"},"date":1748670402,"text":"\u23f3 \u0414\u0443\u043c\u0430\u044e..."}}
2025/05/31 05:46:42 Ошибка API: API error: {"type":"error","error":{"type":"authentication_error","message":"invalid x-api-key"}}
2025/05/31 05:46:42 Endpoint: sendMessage, params: map[chat_id:934707634 entities:null text:Извините, произошла ошибка при обработке вашего запроса.]
2025/05/31 05:46:43 Endpoint: sendMessage, response: {"ok":true,"result":{"message_id":115,"from":{"id":8132756886,"is_bot":true,"first_name":"Deepseak","username":"DSlanguageAI_bot"},"chat":{"id":934707634,"first_name":"Daren Krystin","username":"Triumf_ykt","type":"private"},"date":1748670403,"text":"\u0418\u0437\u0432\u0438\u043d\u0438\u0442\u0435, \u043f\u0440\u043e\u0438\u0437\u043e\u0448\u043b\u0430 \u043e\u0448\u0438\u0431\u043a\u0430 \u043f\u0440\u0438 \u043e\u0431\u0440\u0430\u0431\u043e\u0442\u043a\u0435 \u0432\u0430\u0448\u0435\u0433\u043e \u0437\u0430\u043f\u0440\u043e\u0441\u0430."}}
2025/05/31 05:46:43 Ответ отправлен пользователю 934707634
2025/05/31 05:46:57 Endpoint: getUpdates, response: {"ok":true,"result":[{"update_id":407164506,
"message":{"message_id":116,"from":{"id":934707634,"is_bot":false,"first_name":"Daren Krystin","username":"Triumf_ykt","language_code":"ru"},"chat":{"id":934707634,"first_name":"Daren Krystin","username":"Triumf_ykt","type":"private"},"date":1748670417,"text":"\u0441\u043a\u043e\u043b\u044c\u043a\u043e \u0431\u0443\u0434\u0435\u0442 2 + 2"}}]}
2025/05/31 05:46:57 Endpoint: getUpdates, params: map[allowed_updates:null offset:407164507 timeout:60]
2025/05/31 05:46:57 [Triumf_ykt] сколько будет 2 + 2
2025/05/31 05:46:57 Endpoint: sendMessage, params: map[chat_id:934707634 entities:null text:⏳ Думаю...]
2025/05/31 05:46:57 Endpoint: sendMessage, response: {"ok":true,"result":{"message_id":117,"from":{"id":8132756886,"is_bot":true,"first_name":"Deepseak","username":"DSlanguageAI_bot"},"chat":{"id":934707634,"first_name":"Daren Krystin","username":"Triumf_ykt","type":"private"},"date":1748670417,"text":"\u23f3 \u0414\u0443\u043c\u0430\u044e..."}}
2025/05/31 05:46:57 Ошибка API: API error: {"type":"error","error":{"type":"authentication_error","message":"invalid x-api-key"}}
2025/05/31 05:46:57 Endpoint: sendMessage, params: map[chat_id:934707634 entities:null text:Извините, произошла ошибка при обработке вашего запроса.]
2025/05/31 05:46:57 Endpoint: sendMessage, response: {"ok":true,"result":{"message_id":118,"from":{"id":8132756886,"is_bot":true,"first_name":"Deepseak","username":"DSlanguageAI_bot"},"chat":{"id":934707634,"first_name":"Daren Krystin","username":"Triumf_ykt","type":"private"},"date":1748670417,"text":"\u0418\u0437\u0432\u0438\u043d\u0438\u0442\u0435, \u043f\u0440\u043e\u0438\u0437\u043e\u0448\u043b\u0430 \u043e\u0448\u0438\u0431\u043a\u0430 \u043f\u0440\u0438 \u043e\u0431\u0440\u0430\u0431\u043e\u0442\u043a\u0435 \u0432\u0430\u0448\u0435\u0433\u043e \u0437\u0430\u043f\u0440\u043e\u0441\u0430."}}
2025/05/31 05:46:57 Ответ отправлен пользователю 934707634
2025/05/31 05:47:47 Endpoint: getUpdates, response: {"ok":true,"result":[]}
2025/05/31 05:47:47 Endpoint: getUpdates, params: map[allowed_updates:null offset:407164507 timeout:60]
2025/05/31 05:48:37 Endpoint: getUpdates, response: {"ok":true,"result":[]}
2025/05/31 05:48:37 Endpoint: getUpdates, params: map[allowed_updates:null offset:407164507 timeout:60]
2025/05/31 05:49:27 Endpoint: getUpdates, response: {"ok":true,"result":[]}
2025/05/31 05:49:27 Endpoint: getUpdates, params: map[allowed_updates:null offset:407164507 timeout:60]
2025/05/31 05:50:17 Endpoint: getUpdates, response: {"ok":true,"result":[]}
2025/05/31 05:50:17 Endpoint: getUpdates, params: map[allowed_updates:null offset:407164507 timeout:60]
2025/05/31 05:51:08 Endpoint: getUpdates, response: {"ok":true,"result":[]}
2025/05/31 05:51:08 Endpoint: getUpdates, params: map[allowed_updates:null offset:407164507 timeout:60]
2025/05/31 05:51:58 Endpoint: getUpdates, response: {"ok":true,"result":[]}
2025/05/31 05:51:58 Endpoint: getUpdates, params: map[allowed_updates:null offset:407164507 timeout:60]
2025/05/31 05:52:48 Endpoint: getUpdates, response: {"ok":true,"result":[]}
2025/05/31 05:52:48 Endpoint: getUpdates, params: map[allowed_updates:null offset:407164507 timeout:60]
2025/05/31 05:53:38 Endpoint: getUpdates, response: {"ok":true,"result":[]}
2025/05/31 05:53:38 Endpoint: getUpdates, params: map[allowed_updates:null offset:407164507 timeout:60]
2025/05/31 05:54:28 Endpoint: getUpdates, response: {"ok":true,"result":[]}
2025/05/31 05:54:28 Endpoint: getUpdates, params: map[allowed_updates:null offset:407164507 timeout:60]
2025/05/31 05:55:18 Endpoint: getUpdates, response: {"ok":true,"result":[]}
2025/05/31 05:55:18 Endpoint: getUpdates, params: map[allowed_updates:null offset:407164507 timeout:60]
2025/05/31 05:56:08 Endpoint: getUpdates, response: {"ok":true,"result":[]}
2025/05/31 05:56:08 Endpoint: getUpdates, params: map[allowed_updates:null offset:407164507 timeout:60]
2025/05/31 05:56:58 Endpoint: getUpdates, response: {"ok":true,"result":[]}
2025/05/31 05:56:58 Endpoint: getUpdates, params: map[allowed_updates:null offset:407164507 timeout:60]
2025/05/31 05:57:49 Endpoint: getUpdates, response: {"ok":true,"result":[]}
2025/05/31 05:57:49 Endpoint: getUpdates, params: map[allowed_updates:null offset:407164507 timeout:60]
2025/05/31 05:58:39 Endpoint: getUpdates, response: {"ok":true,"result":[]}
2025/05/31 05:58:39 Endpoint: getUpdates, params: map[allowed_updates:null offset:407164507 timeout:60]
2025/05/31 05:59:29 Endpoint: getUpdates, response: {"ok":true,"result":[]}
2025/05/31 05:59:29 Endpoint: getUpdates, params: map[allowed_updates:null offset:407164507 timeout:60]
2025/05/31 06:00:19 Endpoint: getUpdates, response: {"ok":true,"result":[]}
2025/05/31 06:00:19 Endpoint: getUpdates, params: map[allowed_updates:null offset:407164507 timeout:60]
2025/05/31 06:01:09 Endpoint: getUpdates, response: {"ok":true,"result":[]}
2025/05/31 06:01:09 Endpoint: getUpdates, params: map[allowed_updates:null offset:407164507 timeout:60]
2025/05/31 06:01:59 Endpoint: getUpdates, response: {"ok":true,"result":[]}
2025/05/31 06:01:59 Endpoint: getUpdates, params: map[allowed_updates:null offset:407164507 timeout:60]
2025/05/31 06:02:49 Endpoint: getUpdates, response: {"ok":true,"result":[]}
2025/05/31 06:02:49 Endpoint: getUpdates, params: map[allowed_updates:null offset:407164507 timeout:60]
2025/05/31 06:03:40 Endpoint: getUpdates, response: {"ok":true,"result":[]}
2025/05/31 06:03:40 Endpoint: getUpdates, params: map[allowed_updates:null offset:407164507 timeout:60]
2025/05/31 06:04:30 Endpoint: getUpdates, response: {"ok":true,"result":[]}
2025/05/31 06:04:30 Endpoint: getUpdates, params: map[allowed_updates:null offset:407164507 timeout:60]
2025/05/31 06:05:20 Endpoint: getUpdates, response: {"ok":true,"result":[]}
2025/05/31 06:05:20 Endpoint: getUpdates, params: map[allowed_updates:null offset:407164507 timeout:60]
2025/05/31 06:06:10 Endpoint: getUpdates, response: {"ok":true,"result":[]}
2025/05/31 06:06:10 Endpoint: getUpdates, params: map[allowed_updates:null offset:407164507 timeout:60]
2025/05/31 06:07:00 Endpoint: getUpdates, response: {"ok":true,"result":[]}
2025/05/31 06:07:00 Endpoint: getUpdates, params: map[allowed_updates:null offset:407164507 timeout:60]
2025/05/31 06:07:50 Endpoint: getUpdates, response: {"ok":true,"result":[]}
2025/05/31 06:07:50 Endpoint: getUpdates, params: map[allowed_updates:null offset:407164507 timeout:60]
2025/05/31 06:08:40 Endpoint: getUpdates, response: {"ok":true,"result":[]}
2025/05/31 06:08:40 Endpoint: getUpdates, params: map[allowed_updates:null offset:407164507 timeout:60]
2025/05/31 06:09:31 Endpoint: getUpdates, response: {"ok":true,"result":[]}
2025/05/31 06:09:31 Endpoint: getUpdates, params: map[allowed_updates:null offset:407164507 timeout:60]
2025/05/31 06:10:21 Endpoint: getUpdates, response: {"ok":true,"result":[]}
2025/05/31 06:10:21 Endpoint: getUpdates, params: map[allowed_updates:null offset:407164507 timeout:60]
2025/05/31 06:11:11 Endpoint: getUpdates, response: {"ok":true,"result":[]}
2025/05/31 06:11:11 Endpoint: getUpdates, params: map[allowed_updates:null offset:407164507 timeout:60]
2025/05/31 06:12:01 Endpoint: getUpdates, response: {"ok":true,"result":[]}
2025/05/31 06:12:01 Endpoint: getUpdates, params: map[allowed_updates:null offset:407164507 timeout:60]
2025/05/31 06:12:51 Endpoint: getUpdates, response: {"ok":true,"result":[]}
2025/05/31 06:12:51 Endpoint: getUpdates, params: map[allowed_updates:null offset:407164507 timeout:60]
2025/05/31 06:13:41 Endpoint: getUpdates, response: {"ok":true,"result":[]}
2025/05/31 06:13:41 Endpoint: getUpdates, params: map[allowed_updates:null offset:407164507 timeout:60]
2025/05/31 06:14:31 Endpoint: getUpdates, response: {"ok":true,"result":[]}
2025/05/31 06:14:31 Endpoint: getUpdates, params: map[allowed_updates:null offset:407164507 timeout:60]
2025/05/31 06:15:21 Endpoint: getUpdates, response: {"ok":true,"result":[]}
2025/05/31 06:15:21 Endpoint: getUpdates, params: map[allowed_updates:null offset:407164507 timeout:60]
2025/05/31 06:16:12 Endpoint: getUpdates, response: {"ok":true,"result":[]}
2025/05/31 06:16:12 Endpoint: getUpdates, params: map[allowed_updates:null offset:407164507 timeout:60]
2025/05/31 06:17:02 Endpoint: getUpdates, response: {"ok":true,"result":[]}
2025/05/31 06:17:02 Endpoint: getUpdates, params: map[allowed_updates:null offset:407164507 timeout:60]
2025/05/31 06:17:52 Endpoint: getUpdates, response: {"ok":true,"result":[]}
2025/05/31 06:17:52 Endpoint: getUpdates, params: map[allowed_updates:null offset:407164507 timeout:60]
2025/05/31 06:18:42 Endpoint: getUpdates, response: {"ok":true,"result":[]}
2025/05/31 06:18:42 Endpoint: getUpdates, params: map[allowed_updates:null offset:407164507 timeout:60]
2025/05/31 06:19:32 Endpoint: getUpdates, response: {"ok":true,"result":[]}
2025/05/31 06:19:32 Endpoint: getUpdates, params: map[allowed_updates:null offset:407164507 timeout:60]
2025/05/31 06:20:22 Endpoint: getUpdates, response: {"ok":true,"result":[]}
2025/05/31 06:20:22 Endpoint: getUpdates, params: map[allowed_updates:null offset:407164507 timeout:60]
2025/05/31 06:21:12 Endpoint: getUpdates, response: {"ok":true,"result":[]}
2025/05/31 06:21:12 Endpoint: getUpdates, params: map[allowed_updates:null offset:407164507 timeout:60]
2025/05/31 06:22:03 Endpoint: getUpdates, response: {"ok":true,"result":[]}
2025/05/31 06:22:03 Endpoint: getUpdates, params: map[allowed_updates:null offset:407164507 timeout:60]
2025/05/31 06:22:53 Endpoint: getUpdates, response: {"ok":true,"result":[]}
2025/05/31 06:22:53 Endpoint: getUpdates, params: map[allowed_updates:null offset:407164507 timeout:60]
2025/05/31 06:23:43 Endpoint: getUpdates, response: {"ok":true,"result":[]}
2025/05/31 06:23:43 Endpoint: getUpdates, params: map[allowed_updates:null offset:407164507 timeout:60]
2025/05/31 06:24:33 Endpoint: getUpdates, response: {"ok":true,"result":[]}
2025/05/31 06:24:33 Endpoint: getUpdates, params: map[allowed_updates:null offset:407164507 timeout:60]
2025/05/31 06:25:23 Endpoint: getUpdates, response: {"ok":true,"result":[]}
2025/05/31 06:25:23 Endpoint: getUpdates, params: map[allowed_updates:null offset:407164507 timeout:60]
2025/05/31 06:26:13 Endpoint: getUpdates, response: {"ok":true,"result":[]}
2025/05/31 06:26:13 Endpoint: getUpdates, params: map[allowed_updates:null offset:407164507 timeout:60]
2025/05/31 06:27:03 Endpoint: getUpdates, response: {"ok":true,"result":[]}
2025/05/31 06:27:03 Endpoint: getUpdates, params: map[allowed_updates:null offset:407164507 timeout:60]
2025/05/31 06:27:54 Endpoint: getUpdates, response: {"ok":true,"result":[]}
2025/05/31 06:27:54 Endpoint: getUpdates, params: map[allowed_updates:null offset:407164507 timeout:60]
2025/05/31 06:28:44 Endpoint: getUpdates, response: {"ok":true,"result":[]}
2025/05/31 06:28:44 Endpoint: getUpdates, params: map[allowed_updates:null offset:407164507 timeout:60]
2025/05/31 06:29:34 Endpoint: getUpdates, response: {"ok":true,"result":[]}
2025/05/31 06:29:34 Endpoint: getUpdates, params: map[allowed_updates:null offset:407164507 timeout:60]
2025/05/31 06:30:24 Endpoint: getUpdates, response: {"ok":true,"result":[]}
2025/05/31 06:30:24 Endpoint: getUpdates, params: map[allowed_updates:null offset:407164507 timeout:60]
2025/05/31 06:31:14 Endpoint: getUpdates, response: {"ok":true,"result":[]}
2025/05/31 06:31:14 Endpoint: getUpdates, params: map[allowed_updates:null offset:407164507 timeout:60]
2025/05/31 06:32:04 Endpoint: getUpdates, response: {"ok":true,"result":[]}
2025/05/31 06:32:04 Endpoint: getUpdates, params: map[allowed_updates:null offset:407164507 timeout:60]
2025/05/31 06:32:54 Endpoint: getUpdates, response: {"ok":true,"result":[]}
2025/05/31 06:32:54 Endpoint: getUpdates, params: map[allowed_updates:null offset:407164507 timeout:60]
2025/05/31 06:33:45 Endpoint: getUpdates, response: {"ok":true,"result":[]}
2025/05/31 06:33:45 Endpoint: getUpdates, params: map[allowed_updates:null offset:407164507 timeout:60]
2025/05/31 06:34:35 Endpoint: getUpdates, response: {"ok":true,"result":[]}
2025/05/31 06:34:35 Endpoint: getUpdates, params: map[allowed_updates:null offset:407164507 timeout:60]
2025/05/31 06:35:25 Endpoint: getUpdates, response: {"ok":true,"result":[]}
2025/05/31 06:35:25 Endpoint: getUpdates, params: map[allowed_updates:null offset:407164507 timeout:60]
2025/05/31 06:36:15 Endpoint: getUpdates, response: {"ok":true,"result":[]}
2025/05/31 06:36:15 Endpoint: getUpdates, params: map[allowed_updates:null offset:407164507 timeout:60]
2025/05/31 06:37:05 Endpoint: getUpdates, response: {"ok":true,"result":[]}
2025/05/31 06:37:05 Endpoint: getUpdates, params: map[allowed_updates:null offset:407164507 timeout:60]
2025/05/31 06:37:55 Endpoint: getUpdates, response: {"ok":true,"result":[]}
2025/05/31 06:37:55 Endpoint: getUpdates, params: map[allowed_updates:null offset:407164507 timeout:60]
2025/05/31 06:38:45 Endpoint: getUpdates, response: {"ok":true,"result":[]}
2025/05/31 06:38:45 Endpoint: getUpdates, params: map[allowed_updates:null offset:407164507 timeout:60]
2025/05/31 06:39:35 Endpoint: getUpdates, response: {"ok":true,"result":[]}
2025/05/31 06:39:35 Endpoint: getUpdates, params: map[allowed_updates:null offset:407164507 timeout:60]
2025/05/31 06:40:26 Endpoint: getUpdates, response: {"ok":true,"result":[]}
2025/05/31 06:40:26 Endpoint: getUpdates, params: map[allowed_updates:null offset:407164507 timeout:60]
2025/05/31 06:41:16 Endpoint: getUpdates, response: {"ok":true,"result":[]}
2025/05/31 06:41:16 Endpoint: getUpdates, params: map[allowed_updates:null offset:407164507 timeout:60]
2025/05/31 06:42:06 Endpoint: getUpdates, response: {"ok":true,"result":[]}
2025/05/31 06:42:06 Endpoint: getUpdates, params: map[allowed_updates:null offset:407164507 timeout:60]
2025/05/31 06:42:56 Endpoint: getUpdates, response: {"ok":true,"result":[]}
2025/05/31 06:42:56 Endpoint: getUpdates, params: map[allowed_updates:null offset:407164507 timeout:60]
2025/05/31 06:43:46 Endpoint: getUpdates, response: {"ok":true,"result":[]}
2025/05/31 06:43:46 Endpoint: getUpdates, params: map[allowed_updates:null offset:407164507 timeout:60]
2025/05/31 06:44:36 Endpoint: getUpdates, response: {"ok":true,"result":[]}
2025/05/31 06:44:36 Endpoint: getUpdates, params: map[allowed_updates:null offset:407164507 timeout:60]
2025/05/31 06:45:26 Endpoint: getUpdates, response: {"ok":true,"result":[]}
2025/05/31 06:45:26 Endpoint: getUpdates, params: map[allowed_updates:null offset:407164507 timeout:60]
2025/05/31 06:46:17 Endpoint: getUpdates, response: {"ok":true,"result":[]}
2025/05/31 06:46:17 Endpoint: getUpdates, params: map[allowed_updates:null offset:407164507 timeout:60]
2025/05/31 06:47:07 Endpoint: getUpdates, response: {"ok":true,"result":[]}
2025/05/31 06:47:07 Endpoint: getUpdates, params: map[allowed_updates:null offset:407164507 timeout:60]
2025/05/31 06:47:57 Endpoint: getUpdates, response: {"ok":true,"result":[]}
2025/05/31 06:47:57 Endpoint: getUpdates, params: map[allowed_updates:null offset:407164507 timeout:60]
2025/05/31 06:48:47 Endpoint: getUpdates, response: {"ok":true,"result":[]}
2025/05/31 06:48:47 Endpoint: getUpdates, params: map[allowed_updates:null offset:407164507 timeout:60]
2025/05/31 06:49:37 Endpoint: getUpdates, response: {"ok":true,"result":[]}
2025/05/31 06:49:37 Endpoint: getUpdates, params: map[allowed_updates:null offset:407164507 timeout:60]
2025/05/31 06:50:27 Endpoint: getUpdates, response: {"ok":true,"result":[]}
2025/05/31 06:50:27 Endpoint: getUpdates, params: map[allowed_updates:null offset:407164507 timeout:60]
2025/05/31 06:51:17 Endpoint: getUpdates, response: {"ok":true,"result":[]}
2025/05/31 06:51:17 Endpoint: getUpdates, params: map[allowed_updates:null offset:407164507 timeout:60]
2025/05/31 06:52:08 Endpoint: getUpdates, response: {"ok":true,"result":[]}
2025/05/31 06:52:08 Endpoint: getUpdates, params: map[allowed_updates:null offset:407164507 timeout:60]
2025/05/31 06:52:58 Endpoint: getUpdates, response: {"ok":true,"result":[]}
2025/05/31 06:52:58 Endpoint: getUpdates, params: map[allowed_updates:null offset:407164507 timeout:60]
2025/05/31 06:53:48 Endpoint: getUpdates, response: {"ok":true,"result":[]}
2025/05/31 06:53:48 Endpoint: getUpdates, params: map[allowed_updates:null offset:407164507 timeout:60]
2025/05/31 06:54:38 Endpoint: getUpdates, response: {"ok":true,"result":[]}
2025/05/31 06:54:38 Endpoint: getUpdates, params: map[allowed_updates:null offset:407164507 timeout:60]
2025/05/31 06:55:28 Endpoint: getUpdates, response: {"ok":true,"result":[]}
2025/05/31 06:55:28 Endpoint: getUpdates, params: map[allowed_updates:null offset:407164507 timeout:60]
2025/05/31 06:56:18 Endpoint: getUpdates, response: {"ok":true,"result":[]}
2025/05/31 06:56:18 Endpoint: getUpdates, params: map[allowed_updates:null offset:407164507 timeout:60]
2025/05/31 06:57:08 Endpoint: getUpdates, response: {"ok":true,"result":[]}
2025/05/31 06:57:08 Endpoint: getUpdates, params: map[allowed_updates:null offset:407164507 timeout:60]
2025/05/31 06:57:59 Endpoint: getUpdates, response: {"ok":true,"result":[]}
2025/05/31 06:57:59 Endpoint: getUpdates, params: map[allowed_updates:null offset:407164507 timeout:60]
2025/05/31 06:58:49 Endpoint: getUpdates, response: {"ok":true,"result":[]}
2025/05/31 06:58:49 Endpoint: getUpdates, params: map[allowed_updates:null offset:407164507 timeout:60]
2025/05/31 06:59:39 Endpoint: getUpdates, response: {"ok":true,"result":[]}
2025/05/31 06:59:39 Endpoint: getUpdates, params: map[allowed_updates:null offset:407164507 timeout:60]
2025/05/31 07:00:29 Endpoint: getUpdates, response: {"ok":true,"result":[]}
2025/05/31 07:00:29 Endpoint: getUpdates, params: map[allowed_updates:null offset:407164507 timeout:60]
2025/05/31 07:01:19 Endpoint: getUpdates, response: {"ok":true,"result":[]}
2025/05/31 07:01:19 Endpoint: getUpdates, params: map[allowed_updates:null offset:407164507 timeout:60]
2025/05/31 07:02:09 Endpoint: getUpdates, response: {"ok":true,"result":[]}
2025/05/31 07:02:09 Endpoint: getUpdates, params: map[allowed_updates:null offset:407164507 timeout:60]
2025/05/31 07:02:59 Endpoint: getUpdates, response: {"ok":true,"result":[]}
2025/05/31 07:02:59 Endpoint: getUpdates, params: map[allowed_updates:null offset:407164507 timeout:60]
2025/05/31 07:03:50 Endpoint: getUpdates, response: {"ok":true,"result":[]}
2025/05/31 07:03:50 Endpoint: getUpdates, params: map[allowed_updates:null offset:407164507 timeout:60]
2025/05/31 07:04:40 Endpoint: getUpdates, response: {"ok":true,"result":[]}
2025/05/31 07:04:40 Endpoint: getUpdates, params: map[allowed_updates:null offset:407164507 timeout:60]
2025/05/31 07:05:30 Endpoint: getUpdates, response: {"ok":true,"result":[]}
2025/05/31 07:05:30 Endpoint: getUpdates, params: map[allowed_updates:null offset:407164507 timeout:60]
2025/05/31 07:06:20 Endpoint: getUpdates, response: {"ok":true,"result":[]}
2025/05/31 07:06:20 Endpoint: getUpdates, params: map[allowed_updates:null offset:407164507 timeout:60]
2025/05/31 07:07:10 Endpoint: getUpdates, response: {"ok":true,"result":[]}
2025/05/31 07:07:10 Endpoint: getUpdates, params: map[allowed_updates:null offset:407164507 timeout:60]
2025/05/31 07:08:00 Endpoint: getUpdates, response: {"ok":true,"result":[]}
2025/05/31 07:08:00 Endpoint: getUpdates, params: map[allowed_updates:null offset:407164507 timeout:60]
2025/05/31 07:08:50 Endpoint: getUpdates, response: {"ok":true,"result":[]}
2025/05/31 07:08:50 Endpoint: getUpdates, params: map[allowed_updates:null offset:407164507 timeout:60]
2025/05/31 07:09:41 Endpoint: getUpdates, response: {"ok":true,"result":[]}
2025/05/31 07:09:41 Endpoint: getUpdates, params: map[allowed_updates:null offset:407164507 timeout:60]
2025/05/31 07:10:31 Endpoint: getUpdates, response: {"ok":true,"result":[]}
2025/05/31 07:10:31 Endpoint: getUpdates, params: map[allowed_updates:null offset:407164507 timeout:60]
2025/05/31 07:11:21 Endpoint: getUpdates, response: {"ok":true,"result":[]}
2025/05/31 07:11:21 Endpoint: getUpdates, params: map[allowed_updates:null offset:407164507 timeout:60]
2025/05/31 07:12:11 Endpoint: getUpdates, response: {"ok":true,"result":[]}
2025/05/31 07:12:11 Endpoint: getUpdates, params: map[allowed_updates:null offset:407164507 timeout:60]
2025/05/31 07:13:01 Endpoint: getUpdates, response: {"ok":true,"result":[]}
2025/05/31 07:13:01 Endpoint: getUpdates, params: map[allowed_updates:null offset:407164507 timeout:60]
2025/05/31 07:13:51 Endpoint: getUpdates, response: {"ok":true,"result":[]}
2025/05/31 07:13:51 Endpoint: getUpdates, params: map[allowed_updates:null offset:407164507 timeout:60]
2025/05/31 07:14:41 Endpoint: getUpdates, response: {"ok":true,"result":[]}
2025/05/31 07:14:41 Endpoint: getUpdates, params: map[allowed_updates:null offset:407164507 timeout:60]
2025/05/31 07:15:32 Endpoint: getUpdates, response: {"ok":true,"result":[]}
2025/05/31 07:15:32 Endpoint: getUpdates, params: map[allowed_updates:null offset:407164507 timeout:60]
2025/05/31 07:16:22 Endpoint: getUpdates, response: {"ok":true,"result":[]}
2025/05/31 07:16:22 Endpoint: getUpdates, params: map[allowed_updates:null offset:407164507 timeout:60]
2025/05/31 07:17:12 Endpoint: getUpdates, response: {"ok":true,"result":[]}
2025/05/31 07:17:12 Endpoint: getUpdates, params: map[allowed_updates:null offset:407164507 timeout:60]
2025/05/31 07:18:02 Endpoint: getUpdates, response: {"ok":true,"result":[]}
2025/05/31 07:18:02 Endpoint: getUpdates, params: map[allowed_updates:null offset:407164507 timeout:60]
2025/05/31 07:18:52 Endpoint: getUpdates, response: {"ok":true,"result":[]}
2025/05/31 07:18:52 Endpoint: getUpdates, params: map[allowed_updates:null offset:407164507 timeout:60]
2025/05/31 07:19:42 Endpoint: getUpdates, response: {"ok":true,"result":[]}
2025/05/31 07:19:42 Endpoint: getUpdates, params: map[allowed_updates:null offset:407164507 timeout:60]
2025/05/31 07:20:32 Endpoint: getUpdates, response: {"ok":true,"result":[]}
2025/05/31 07:20:32 Endpoint: getUpdates, params: map[allowed_updates:null offset:407164507 timeout:60]
2025/05/31 07:21:22 Endpoint: getUpdates, response: {"ok":true,"result":[]}
2025/05/31 07:21:22 Endpoint: getUpdates, params: map[allowed_updates:null offset:407164507 timeout:60]
2025/05/31 07:22:13 Endpoint: getUpdates, response: {"ok":true,"result":[]}
2025/05/31 07:22:13 Endpoint: getUpdates, params: map[allowed_updates:null offset:407164507 timeout:60]
2025/05/31 07:23:03 Endpoint: getUpdates, response: {"ok":true,"result":[]}
2025/05/31 07:23:03 Endpoint: getUpdates, params: map[allowed_updates:null offset:407164507 timeout:60]
2025/05/31 07:23:53 Endpoint: getUpdates, response: {"ok":true,"result":[]}
2025/05/31 07:23:53 Endpoint: getUpdates, params: map[allowed_updates:null offset:407164507 timeout:60]
2025/05/31 07:24:43 Endpoint: getUpdates, response: {"ok":true,"result":[]}
2025/05/31 07:24:43 Endpoint: getUpdates, params: map[allowed_updates:null offset:407164507 timeout:60]
2025/05/31 07:25:33 Endpoint: getUpdates, response: {"ok":true,"result":[]}
2025/05/31 07:25:33 Endpoint: getUpdates, params: map[allowed_updates:null offset:407164507 timeout:60]
2025/05/31 07:26:23 Endpoint: getUpdates, response: {"ok":true,"result":[]}
2025/05/31 07:26:23 Endpoint: getUpdates, params: map[allowed_updates:null offset:407164507 timeout:60]
2025/05/31 07:27:13 Endpoint: getUpdates, response: {"ok":true,"result":[]}
2025/05/31 07:27:13 Endpoint: getUpdates, params: map[allowed_updates:null offset:407164507 timeout:60]
2025/05/31 07:28:04 Endpoint: getUpdates, response: {"ok":true,"result":[]}
2025/05/31 07:28:04 Endpoint: getUpdates, params: map[allowed_updates:null offset:407164507 timeout:60]
2025/05/31 07:28:54 Endpoint: getUpdates, response: {"ok":true,"result":[]}
2025/05/31 07:28:54 Endpoint: getUpdates, params: map[allowed_updates:null offset:407164507 timeout:60]
2025/05/31 07:29:44 Endpoint: getUpdates, response: {"ok":true,"result":[]}
2025/05/31 07:29:44 Endpoint: getUpdates, params: map[allowed_updates:null offset:407164507 timeout:60]
2025/05/31 07:30:34 Endpoint: getUpdates, response: {"ok":true,"result":[]}
2025/05/31 07:30:34 Endpoint: getUpdates, params: map[allowed_updates:null offset:407164507 timeout:60]
2025/05/31 07:31:24 Endpoint: getUpdates, response: {"ok":true,"result":[]}
2025/05/31 07:31:24 Endpoint: getUpdates, params: map[allowed_updates:null offset:407164507 timeout:60]
2025/05/31 07:32:14 Endpoint: getUpdates, response: {"ok":true,"result":[]}
2025/05/31 07:32:14 Endpoint: getUpdates, params: map[allowed_updates:null offset:407164507 timeout:60]
2025/05/31 07:33:04 Endpoint: getUpdates, response: {"ok":true,"result":[]}
2025/05/31 07:33:04 Endpoint: getUpdates, params: map[allowed_updates:null offset:407164507 timeout:60]
2025/05/31 07:33:55 Endpoint: getUpdates, response: {"ok":true,"result":[]}
2025/05/31 07:33:55 Endpoint: getUpdates, params: map[allowed_updates:null offset:407164507 timeout:60]
2025/05/31 07:34:45 Endpoint: getUpdates, response: {"ok":true,"result":[]}
2025/05/31 07:34:45 Endpoint: getUpdates, params: map[allowed_updates:null offset:407164507 timeout:60]
2025/05/31 07:35:35 Endpoint: getUpdates, response: {"ok":true,"result":[]}
2025/05/31 07:35:35 Endpoint: getUpdates, params: map[allowed_updates:null offset:407164507 timeout:60]
2025/05/31 07:36:25 Endpoint: getUpdates, response: {"ok":true,"result":[]}
2025/05/31 07:36:25 Endpoint: getUpdates, params: map[allowed_updates:null offset:407164507 timeout:60]
2025/05/31 07:37:15 Endpoint: getUpdates, response: {"ok":true,"result":[]}
2025/05/31 07:37:15 Endpoint: getUpdates, params: map[allowed_updates:null offset:407164507 timeout:60]
2025/05/31 07:38:05 Endpoint: getUpdates, response: {"ok":true,"result":[]}
2025/05/31 07:38:05 Endpoint: getUpdates, params: map[allowed_updates:null offset:407164507 timeout:60]
2025/05/31 07:38:55 Endpoint: getUpdates, response: {"ok":true,"result":[]}
2025/05/31 07:38:55 Endpoint: getUpdates, params: map[allowed_updates:null offset:407164507 timeout:60]
2025/05/31 07:39:45 Endpoint: getUpdates, response: {"ok":true,"result":[]}
2025/05/31 07:39:45 Endpoint: getUpdates, params: map[allowed_updates:null offset:407164507 timeout:60]
2025/05/31 07:40:36 Endpoint: getUpdates, response: {"ok":true,"result":[]}
2025/05/31 07:40:36 Endpoint: getUpdates, params: map[allowed_updates:null offset:407164507 timeout:60]
2025/05/31 07:41:26 Endpoint: getUpdates, response: {"ok":true,"result":[]}
2025/05/31 07:41:26 Endpoint: getUpdates, params: map[allowed_updates:null offset:407164507 timeout:60]
2025/05/31 07:42:16 Endpoint: getUpdates, response: {"ok":true,"result":[]}
2025/05/31 07:42:16 Endpoint: getUpdates, params: map[allowed_updates:null offset:407164507 timeout:60]
2025/05/31 07:43:06 Endpoint: getUpdates, response: {"ok":true,"result":[]}
2025/05/31 07:43:06 Endpoint: getUpdates, params: map[allowed_updates:null offset:407164507 timeout:60]
2025/05/31 07:43:56 Endpoint: getUpdates, response: {"ok":true,"result":[]}
2025/05/31 07:43:56 Endpoint: getUpdates, params: map[allowed_updates:null offset:407164507 timeout:60]
2025/05/31 07:44:46 Endpoint: getUpdates, response: {"ok":true,"result":[]}
2025/05/31 07:44:46 Endpoint: getUpdates, params: map[allowed_updates:null offset:407164507 timeout:60]
2025/05/31 07:45:36 Endpoint: getUpdates, response: {"ok":true,"result":[]}
2025/05/31 07:45:37 Endpoint: getUpdates, params: map[allowed_updates:null offset:407164507 timeout:60]
2025/05/31 07:46:27 Endpoint: getUpdates, response: {"ok":true,"result":[]}
2025/05/31 07:46:27 Endpoint: getUpdates, params: map[allowed_updates:null offset:407164507 timeout:60]
2025/05/31 07:47:17 Endpoint: getUpdates, response: {"ok":true,"result":[]}
2025/05/31 07:47:17 Endpoint: getUpdates, params: map[allowed_updates:null offset:407164507 timeout:60]
2025/05/31 07:48:07 Endpoint: getUpdates, response: {"ok":true,"result":[]}
2025/05/31 07:48:07 Endpoint: getUpdates, params: map[allowed_updates:null offset:407164507 timeout:60]
2025/05/31 07:48:57 Endpoint: getUpdates, response: {"ok":true,"result":[]}
2025/05/31 07:48:57 Endpoint: getUpdates, params: map[allowed_updates:null offset:407164507 timeout:60]
2025/05/31 07:49:47 Endpoint: getUpdates, response: {"ok":true,"result":[]}
2025/05/31 07:49:47 Endpoint: getUpdates, params: map[allowed_updates:null offset:407164507 timeout:60]
2025/05/31 07:50:37 Endpoint: getUpdates, response: {"ok":true,"result":[]}
2025/05/31 07:50:37 Endpoint: getUpdates, params: map[allowed_updates:null offset:407164507 timeout:60]
2025/05/31 07:51:27 Endpoint: getUpdates, response: {"ok":true,"result":[]}
2025/05/31 07:51:27 Endpoint: getUpdates, params: map[allowed_updates:null offset:407164507 timeout:60]
2025/05/31 07:52:18 Endpoint: getUpdates, response: {"ok":true,"result":[]}
2025/05/31 07:52:18 Endpoint: getUpdates, params: map[allowed_updates:null offset:407164507 timeout:60]
2025/05/31 07:53:08 Endpoint: getUpdates, response: {"ok":true,"result":[]}
2025/05/31 07:53:08 Endpoint: getUpdates, params: map[allowed_updates:null offset:407164507 timeout:60]
2025/05/31 07:53:58 Endpoint: getUpdates, response: {"ok":true,"result":[]}
2025/05/31 07:53:58 Endpoint: getUpdates, params: map[allowed_updates:null offset:407164507 timeout:60]
2025/05/31 07:54:48 Endpoint: getUpdates, response: {"ok":true,"result":[]}
2025/05/31 07:54:48 Endpoint: getUpdates, params: map[allowed_updates:null offset:407164507 timeout:60]
2025/05/31 07:55:38 Endpoint: getUpdates, response: {"ok":true,"result":[]}
2025/05/31 07:55:38 Endpoint: getUpdates, params: map[allowed_updates:null offset:407164507 timeout:60]
2025/05/31 07:56:28 Endpoint: getUpdates, response: {"ok":true,"result":[]}
2025/05/31 07:56:28 Endpoint: getUpdates, params: map[allowed_updates:null offset:407164507 timeout:60]
2025/05/31 07:57:18 Endpoint: getUpdates, response: {"ok":true,"result":[]}
2025/05/31 07:57:18 Endpoint: getUpdates, params: map[allowed_updates:null offset:407164507 timeout:60]
2025/05/31 07:58:09 Endpoint: getUpdates, response: {"ok":true,"result":[]}
2025/05/31 07:58:09 Endpoint: getUpdates, params: map[allowed_updates:null offset:407164507 timeout:60]
2025/05/31 07:58:59 Endpoint: getUpdates, response: {"ok":true,"result":[]}
2025/05/31 07:58:59 Endpoint: getUpdates, params: map[allowed_updates:null offset:407164507 timeout:60]
2025/05/31 07:59:49 Endpoint: getUpdates, response: {"ok":true,"result":[]}
2025/05/31 07:59:49 Endpoint: getUpdates, params: map[allowed_updates:null offset:407164507 timeout:60]
2025/05/31 08:00:39 Endpoint: getUpdates, response: {"ok":true,"result":[]}
2025/05/31 08:00:39 Endpoint: getUpdates, params: map[allowed_updates:null offset:407164507 timeout:60]
2025/05/31 08:01:29 Endpoint: getUpdates, response: {"ok":true,"result":[]}
2025/05/31 08:01:29 Endpoint: getUpdates, params: map[allowed_updates:null offset:407164507 timeout:60]
2025/05/31 08:02:19 Endpoint: getUpdates, response: {"ok":true,"result":[]}
2025/05/31 08:02:19 Endpoint: getUpdates, params: map[allowed_updates:null offset:407164507 timeout:60]
2025/05/31 08:03:09 Endpoint: getUpdates, response: {"ok":true,"result":[]}
2025/05/31 08:03:09 Endpoint: getUpdates, params: map[allowed_updates:null offset:407164507 timeout:60]
2025/05/31 08:04:00 Endpoint: getUpdates, response: {"ok":true,"result":[]}
2025/05/31 08:04:00 Endpoint: getUpdates, params: map[allowed_updates:null offset:407164507 timeout:60]
2025/05/31 08:04:50 Endpoint: getUpdates, response: {"ok":true,"result":[]}
2025/05/31 08:04:50 Endpoint: getUpdates, params: map[allowed_updates:null offset:407164507 timeout:60]
2025/05/31 08:05:40 Endpoint: getUpdates, response: {"ok":true,"result":[]}
2025/05/31 08:05:40 Endpoint: getUpdates, params: map[allowed_updates:null offset:407164507 timeout:60]
2025/05/31 08:06:30 Endpoint: getUpdates, response: {"ok":true,"result":[]}
2025/05/31 08:06:30 Endpoint: getUpdates, params: map[allowed_updates:null offset:407164507 timeout:60]
2025/05/31 08:07:20 Endpoint: getUpdates, response: {"ok":true,"result":[]}
2025/05/31 08:07:20 Endpoint: getUpdates, params: map[allowed_updates:null offset:407164507 timeout:60]
2025/05/31 08:08:10 Endpoint: getUpdates, response: {"ok":true,"result":[]}
2025/05/31 08:08:10 Endpoint: getUpdates, params: map[allowed_updates:null offset:407164507 timeout:60]
2025/05/31 08:09:00 Endpoint: getUpdates, response: {"ok":true,"result":[]}
2025/05/31 08:09:00 Endpoint: getUpdates, params: map[allowed_updates:null offset:407164507 timeout:60]
2025/05/31 08:09:51 Endpoint: getUpdates, response: {"ok":true,"result":[]}
2025/05/31 08:09:51 Endpoint: getUpdates, params: map[allowed_updates:null offset:407164507 timeout:60]
2025/05/31 08:10:41 Endpoint: getUpdates, response: {"ok":true,"result":[]}
2025/05/31 08:10:41 Endpoint: getUpdates, params: map[allowed_updates:null offset:407164507 timeout:60]
2025/05/31 08:11:31 Endpoint: getUpdates, response: {"ok":true,"result":[]}
2025/05/31 08:11:31 Endpoint: getUpdates, params: map[allowed_updates:null offset:407164507 timeout:60]
2025/05/31 08:12:21 Endpoint: getUpdates, response: {"ok":true,"result":[]}
2025/05/31 08:12:21 Endpoint: getUpdates, params: map[allowed_updates:null offset:407164507 timeout:60]
2025/05/31 08:13:11 Endpoint: getUpdates, response: {"ok":true,"result":[]}
2025/05/31 08:13:11 Endpoint: getUpdates, params: map[allowed_updates:null offset:407164507 timeout:60]
2025/05/31 08:14:01 Endpoint: getUpdates, response: {"ok":true,"result":[]}
2025/05/31 08:14:01 Endpoint: getUpdates, params: map[allowed_updates:null offset:407164507 timeout:60]
2025/05/31 08:14:51 Endpoint: getUpdates, response: {"ok":true,"result":[]}
2025/05/31 08:14:51 Endpoint: getUpdates, params: map[allowed_updates:null offset:407164507 timeout:60]
2025/05/31 08:15:41 Endpoint: getUpdates, response: {"ok":true,"result":[]}
2025/05/31 08:15:41 Endpoint: getUpdates, params: map[allowed_updates:null offset:407164507 timeout:60]
2025/05/31 08:16:32 Endpoint: getUpdates, response: {"ok":true,"result":[]}
2025/05/31 08:16:32 Endpoint: getUpdates, params: map[allowed_updates:null offset:407164507 timeout:60]
2025/05/31 08:17:22 Endpoint: getUpdates, response: {"ok":true,"result":[]}
2025/05/31 08:17:22 Endpoint: getUpdates, params: map[allowed_updates:null offset:407164507 timeout:60]
2025/05/31 08:18:12 Endpoint: getUpdates, response: {"ok":true,"result":[]}
2025/05/31 08:18:12 Endpoint: getUpdates, params: map[allowed_updates:null offset:407164507 timeout:60]
2025/05/31 08:19:02 Endpoint: getUpdates, response: {"ok":true,"result":[]}
2025/05/31 08:19:02 Endpoint: getUpdates, params: map[allowed_updates:null offset:407164507 timeout:60]
2025/05/31 08:19:52 Endpoint: getUpdates, response: {"ok":true,"result":[]}
2025/05/31 08:19:52 Endpoint: getUpdates, params: map[allowed_updates:null offset:407164507 timeout:60]
2025/05/31 08:20:42 Endpoint: getUpdates, response: {"ok":true,"result":[]}
2025/05/31 08:20:42 Endpoint: getUpdates, params: map[allowed_updates:null offset:407164507 timeout:60]
2025/05/31 08:21:32 Endpoint: getUpdates, response: {"ok":true,"result":[]}
2025/05/31 08:21:32 Endpoint: getUpdates, params: map[allowed_updates:null offset:407164507 timeout:60]
2025/05/31 08:22:23 Endpoint: getUpdates, response: {"ok":true,"result":[]}
2025/05/31 08:22:23 Endpoint: getUpdates, params: map[allowed_updates:null offset:407164507 timeout:60]
2025/05/31 08:23:13 Endpoint: getUpdates, response: {"ok":true,"result":[]}
2025/05/31 08:23:13 Endpoint: getUpdates, params: map[allowed_updates:null offset:407164507 timeout:60]
2025/05/31 08:24:03 Endpoint: getUpdates, response: {"ok":true,"result":[]}
2025/05/31 08:24:03 Endpoint: getUpdates, params: map[allowed_updates:null offset:407164507 timeout:60]
2025/05/31 08:24:53 Endpoint: getUpdates, response: {"ok":true,"result":[]}
2025/05/31 08:24:53 Endpoint: getUpdates, params: map[allowed_updates:null offset:407164507 timeout:60]
2025/05/31 08:25:43 Endpoint: getUpdates, response: {"ok":true,"result":[]}
2025/05/31 08:25:43 Endpoint: getUpdates, params: map[allowed_updates:null offset:407164507 timeout:60]
2025/05/31 08:26:33 Endpoint: getUpdates, response: {"ok":true,"result":[]}
2025/05/31 08:26:33 Endpoint: getUpdates, params: map[allowed_updates:null offset:407164507 timeout:60]
2025/05/31 08:27:23 Endpoint: getUpdates, response: {"ok":true,"result":[]}
2025/05/31 08:27:23 Endpoint: getUpdates, params: map[allowed_updates:null offset:407164507 timeout:60]
2025/05/31 08:28:14 Endpoint: getUpdates, response: {"ok":true,"result":[]}
2025/05/31 08:28:14 Endpoint: getUpdates, params: map[allowed_updates:null offset:407164507 timeout:60]
2025/05/31 08:29:04 Endpoint: getUpdates, response: {"ok":true,"result":[]}
2025/05/31 08:29:04 Endpoint: getUpdates, params: map[allowed_updates:null offset:407164507 timeout:60]
2025/05/31 08:29:54 Endpoint: getUpdates, response: {"ok":true,"result":[]}
2025/05/31 08:29:54 Endpoint: getUpdates, params: map[allowed_updates:null offset:407164507 timeout:60]
2025/05/31 08:30:25 Endpoint: getUpdates, response: {"ok":true,"result":[{"update_id":407164507,
"message":{"message_id":119,"from":{"id":934707634,"is_bot":false,"first_name":"Daren Krystin","username":"Triumf_ykt","language_code":"en"},"chat":{"id":934707634,"first_name":"Daren Krystin","username":"Triumf_ykt","type":"private"},"date":1748680225,"text":"\u043a\u0430\u043a\u0430\u044f \u0442\u044b \u043c\u043e\u0434\u0435\u043b\u044c"}}]}
2025/05/31 08:30:25 Endpoint: getUpdates, params: map[allowed_updates:null offset:407164508 timeout:60]
2025/05/31 08:30:25 [Triumf_ykt] какая ты модель
2025/05/31 08:30:25 Endpoint: sendMessage, params: map[chat_id:934707634 entities:null text:⏳ Думаю...]
2025/05/31 08:30:25 Endpoint: sendMessage, response: {"ok":true,"result":{"message_id":120,"from":{"id":8132756886,"is_bot":true,"first_name":"Deepseak","username":"DSlanguageAI_bot"},"chat":{"id":934707634,"first_name":"Daren Krystin","username":"Triumf_ykt","type":"private"},"date":1748680225,"text":"\u23f3 \u0414\u0443\u043c\u0430\u044e..."}}
2025/05/31 08:30:25 Ошибка API: API error: {"type":"error","error":{"type":"authentication_error","message":"invalid x-api-key"}}
2025/05/31 08:30:25 Endpoint: sendMessage, params: map[chat_id:934707634 entities:null text:Извините, произошла ошибка при обработке вашего запроса.]
2025/05/31 08:30:25 Endpoint: sendMessage, response: {"ok":true,"result":{"message_id":121,"from":{"id":8132756886,"is_bot":true,"first_name":"Deepseak","username":"DSlanguageAI_bot"},"chat":{"id":934707634,"first_name":"Daren Krystin","username":"Triumf_ykt","type":"private"},"date":1748680225,"text":"\u0418\u0437\u0432\u0438\u043d\u0438\u0442\u0435, \u043f\u0440\u043e\u0438\u0437\u043e\u0448\u043b\u0430 \u043e\u0448\u0438\u0431\u043a\u0430 \u043f\u0440\u0438 \u043e\u0431\u0440\u0430\u0431\u043e\u0442\u043a\u0435 \u0432\u0430\u0448\u0435\u0433\u043e \u0437\u0430\u043f\u0440\u043e\u0441\u0430."}}
2025/05/31 08:30:25 Ответ отправлен пользователю 934707634
2025/05/31 08:31:15 Endpoint: getUpdates, response: {"ok":true,"result":[]}
2025/05/31 08:31:15 Endpoint: getUpdates, params: map[allowed_updates:null offset:407164508 timeout:60]
2025/05/31 08:32:05 Endpoint: getUpdates, response: {"ok":true,"result":[]}
2025/05/31 08:32:05 Endpoint: getUpdates, params: map[allowed_updates:null offset:407164508 timeout:60]
2025/05/31 08:32:55 Endpoint: getUpdates, response: {"ok":true,"result":[]}
2025/05/31 08:32:55 Endpoint: getUpdates, params: map[allowed_updates:null offset:407164508 timeout:60]
2025/05/31 08:33:45 Endpoint: getUpdates, response: {"ok":true,"result":[]}
2025/05/31 08:33:45 Endpoint: getUpdates, params: map[allowed_updates:null offset:407164508 timeout:60]
2025/05/31 08:34:35 Endpoint: getUpdates, response: {"ok":true,"result":[]}
2025/05/31 08:34:35 Endpoint: getUpdates, params: map[allowed_updates:null offset:407164508 timeout:60]
2025/05/31 08:35:25 Endpoint: getUpdates, response: {"ok":true,"result":[]}
2025/05/31 08:35:25 Endpoint: getUpdates, params: map[allowed_updates:null offset:407164508 timeout:60]
2025/05/31 08:36:16 Endpoint: getUpdates, response: {"ok":true,"result":[]}
2025/05/31 08:36:16 Endpoint: getUpdates, params: map[allowed_updates:null offset:407164508 timeout:60]
